[03:25:14.183] [INFO] Initializing Storybook
[03:25:14.578] [DEBUG] Getting package.json info for /Users/shannonlockett/.local/share/opencode/worktree/db3e2f1bc0e9f80ccaf05b317a474ecc3da3dd56/playful-wolf/package.json...
[03:25:14.578] [DEBUG] Getting CLI versions from NPM for storybook...
[03:25:14.579] [DEBUG] Executing command: npm info storybook version
[03:25:15.469] [INFO] Adding Storybook version 10.3.3 to your project
[03:25:15.471] [INFO] Installing Storybook for user specified project type: react
[03:25:15.474] [INFO] Framework detected: react-vite
[03:25:15.475] [DEBUG] Getting installed version for vitest...
[03:25:15.475] [DEBUG] Executing command: npm ls --json --depth=99 2>/dev/null
[03:25:16.087] [DEBUG] Executing command: npm ls --json --depth=0 2>/dev/null
[03:25:16.565] [DEBUG] Error finding installations for vitest: ExecaError: Command failed with exit code 1: npm ls --json '--depth=0' '2>/dev/null'

{
  "version": "0.0.1",
  "name": "docugen"
}
[03:25:16.565] [DEBUG] No installations found for vitest
[03:25:16.565] [DEBUG] Getting installed version for msw...
[03:25:16.565] [DEBUG] Executing command: npm ls --json --depth=99 2>/dev/null
[03:25:17.147] [DEBUG] Executing command: npm ls --json --depth=0 2>/dev/null
[03:25:17.605] [DEBUG] Error finding installations for msw: ExecaError: Command failed with exit code 1: npm ls --json '--depth=0' '2>/dev/null'

{
  "version": "0.0.1",
  "name": "docugen"
}
[03:25:17.605] [DEBUG] No installations found for msw
[03:25:17.608] [DEBUG] Using cached package.json for /Users/shannonlockett/.local/share/opencode/worktree/db3e2f1bc0e9f80ccaf05b317a474ecc3da3dd56/playful-wolf/package.json...
[03:25:17.608] [DEBUG] Using cached package.json for /Users/shannonlockett/.local/share/opencode/worktree/db3e2f1bc0e9f80ccaf05b317a474ecc3da3dd56/playful-wolf/package.json...
[03:25:17.608] [DEBUG] Using cached package.json for /Users/shannonlockett/.local/share/opencode/worktree/db3e2f1bc0e9f80ccaf05b317a474ecc3da3dd56/playful-wolf/package.json...
[03:25:17.608] [INFO] - Configuring ESLint plugin
[03:25:17.609] [DEBUG] Detected flat config at /Users/shannonlockett/.local/share/opencode/worktree/db3e2f1bc0e9f80ccaf05b317a474ecc3da3dd56/playful-wolf/eslint.config.js
[03:25:17.639] [DEBUG] Using cached version for storybook...
[03:25:17.639] [DEBUG] Getting CLI versions from NPM for @storybook/react-vite...
[03:25:17.639] [DEBUG] Executing command: npm info @storybook/react-vite version
[03:25:17.642] [DEBUG] Getting CLI versions from NPM for @chromatic-com/storybook...
[03:25:17.642] [DEBUG] Executing command: npm info @chromatic-com/storybook version
[03:25:17.643] [DEBUG] Getting CLI versions from NPM for @storybook/addon-vitest...
[03:25:17.643] [DEBUG] Executing command: npm info @storybook/addon-vitest version
[03:25:17.645] [DEBUG] Getting CLI versions from NPM for @storybook/addon-a11y...
[03:25:17.645] [DEBUG] Executing command: npm info @storybook/addon-a11y version
[03:25:17.649] [DEBUG] Getting CLI versions from NPM for @storybook/addon-docs...
[03:25:17.649] [DEBUG] Executing command: npm info @storybook/addon-docs version
[03:25:17.653] [DEBUG] Getting CLI versions from NPM for @storybook/addon-onboarding...
[03:25:17.653] [DEBUG] Executing command: npm info @storybook/addon-onboarding version
[03:25:17.656] [DEBUG] Getting CLI versions from NPM for eslint-plugin-storybook...
[03:25:17.656] [DEBUG] Executing command: npm info eslint-plugin-storybook version
[03:25:20.992] [INFO] - Configuring main.ts
[03:25:20.994] [INFO] - Configuring preview.ts
[03:25:20.994] [INFO] - Adding Storybook command to package.json
[03:25:20.995] [DEBUG] Getting package.json info for /Users/shannonlockett/.local/share/opencode/worktree/db3e2f1bc0e9f80ccaf05b317a474ecc3da3dd56/playful-wolf/package.json...
[03:25:20.995] [DEBUG] Using cached package.json for /Users/shannonlockett/.local/share/opencode/worktree/db3e2f1bc0e9f80ccaf05b317a474ecc3da3dd56/playful-wolf/package.json...
[03:25:20.995] [DEBUG] Using cached package.json for /Users/shannonlockett/.local/share/opencode/worktree/db3e2f1bc0e9f80ccaf05b317a474ecc3da3dd56/playful-wolf/package.json...
[03:25:20.995] [INFO] - Copying framework templates
[03:25:21.013] [DEBUG] Executing command: npm config get registry -ws=false -iwr
[03:25:21.499] [INFO] Storybook configuration generated
[03:25:21.500] [DEBUG] Using cached package.json for /Users/shannonlockett/.local/share/opencode/worktree/db3e2f1bc0e9f80ccaf05b317a474ecc3da3dd56/playful-wolf/package.json...
[03:25:21.500] [DEBUG] Using cached installed version for vitest...
[03:25:21.501] [DEBUG] Getting installed version for @vitest/coverage-v8...
[03:25:21.501] [DEBUG] Executing command: npm ls --json --depth=99 2>/dev/null
[03:25:22.211] [DEBUG] Executing command: npm ls --json --depth=0 2>/dev/null
[03:25:22.972] [DEBUG] Error finding installations for @vitest/coverage-v8: ExecaError: Command failed with exit code 1: npm ls --json '--depth=0' '2>/dev/null'

{
  "version": "0.0.1",
  "name": "docugen"
}
[03:25:22.972] [DEBUG] No installations found for @vitest/coverage-v8
[03:25:22.972] [DEBUG] Getting installed version for @vitest/coverage-istanbul...
[03:25:22.972] [DEBUG] Executing command: npm ls --json --depth=99 2>/dev/null
[03:25:23.833] [DEBUG] Executing command: npm ls --json --depth=0 2>/dev/null
[03:25:24.386] [DEBUG] Error finding installations for @vitest/coverage-istanbul: ExecaError: Command failed with exit code 1: npm ls --json '--depth=0' '2>/dev/null'

{
  "version": "0.0.1",
  "name": "docugen"
}
[03:25:24.386] [DEBUG] No installations found for @vitest/coverage-istanbul
[03:25:24.387] [INFO] Adding devDependencies:
- storybook@^10.3.3
- @storybook/react-vite@^10.3.3
- @chromatic-com/storybook@^5.1.1
- @storybook/addon-vitest@^10.3.3
- @storybook/addon-a11y@^10.3.3
- @storybook/addon-docs@^10.3.3
- @storybook/addon-onboarding@^10.3.3
- eslint-plugin-storybook@^10.3.3
- playwright
- @vitest/browser-playwright@^4.0.17
- @vitest/coverage-v8@^4.0.17
[03:25:24.388] [DEBUG] Using cached package.json for /Users/shannonlockett/.local/share/opencode/worktree/db3e2f1bc0e9f80ccaf05b317a474ecc3da3dd56/playful-wolf/package.json...
[03:25:24.388] [DEBUG] Using cached version for storybook...
[03:25:24.389] [DEBUG] Using cached version for @storybook/react-vite...
[03:25:24.389] [DEBUG] Using cached version for @chromatic-com/storybook...
[03:25:24.389] [DEBUG] Using cached version for @storybook/addon-vitest...
[03:25:24.389] [DEBUG] Using cached version for @storybook/addon-a11y...
[03:25:24.389] [DEBUG] Using cached version for @storybook/addon-docs...
[03:25:24.389] [DEBUG] Using cached version for @storybook/addon-onboarding...
[03:25:24.389] [DEBUG] Using cached version for eslint-plugin-storybook...
[03:25:24.389] [DEBUG] Getting CLI versions from NPM for playwright...
[03:25:24.389] [DEBUG] Executing command: npm info playwright version
[03:25:26.293] [DEBUG] Getting CLI versions from NPM for @vitest/browser-playwright...
[03:25:26.293] [DEBUG] Executing command: npm info @vitest/browser-playwright version
[03:25:26.951] [DEBUG] Getting CLI versions from NPM for @vitest/coverage-v8...
[03:25:26.951] [DEBUG] Executing command: npm info @vitest/coverage-v8 version
[03:25:27.829] [DEBUG] Using cached package.json for /Users/shannonlockett/.local/share/opencode/worktree/db3e2f1bc0e9f80ccaf05b317a474ecc3da3dd56/playful-wolf/package.json...
[03:25:27.829] [INFO] Dependencies added to package.json
[03:25:27.830] [INFO] Installing dependencies...
[03:25:27.830] [INFO] Installing dependencies...
[03:25:27.830] [DEBUG] Executing command: npm install
[03:25:34.004] [ERROR] Installation of dependencies failed! {"error":"ExecaError: Command failed with exit code 1: npm install\n\nnpm error code ERESOLVE\nnpm error ERESOLVE could not resolve\nnpm error\nnpm error While resolving: docugen@0.0.1\nnpm error Found: vitest@4.0.18\nnpm error node_modules/vitest\nnpm error   dev vitest@\"^4.0.17\" from the root project\nnpm error   peer vitest@\"4.0.18\" from @vitest/coverage-v8@4.0.18\nnpm error   node_modules/@vitest/coverage-v8\nnpm error     dev @vitest/coverage-v8@\"^4.0.17\" from the root project\nnpm error\nnpm error Could not resolve dependency:\nnpm error dev @storybook/addon-vitest@\"^10.3.3\" from the root project\nnpm error\nnpm error Conflicting peer dependency: vitest@4.1.2\nnpm error node_modules/vitest\nnpm error   peer vitest@\"4.1.2\" from @vitest/browser@4.1.2\nnpm error   node_modules/@vitest/browser\nnpm error     peerOptional @vitest/browser@\"^3.0.0 || ^4.0.0\" from @storybook/addon-vitest@10.3.3\nnpm error     node_modules/@storybook/addon-vitest\nnpm error       dev @storybook/addon-vitest@\"^10.3.3\" from the root project\nnpm error     @vitest/browser@\"4.1.2\" from @vitest/browser-playwright@4.1.2\nnpm error     node_modules/@vitest/browser-playwright\nnpm error       dev @vitest/browser-playwright@\"^4.0.17\" from the root project\nnpm error       2 more (@storybook/addon-vitest, vitest)\nnpm error     2 more (@vitest/browser-preview, @vitest/browser-webdriverio)\nnpm error\nnpm error Fix the upstream dependency conflict, or retry\nnpm error this command with --force or --legacy-peer-deps\nnpm error to accept an incorrect (and potentially broken) dependency resolution.\nnpm error\nnpm error\nnpm error For a full report see:\nnpm error /Users/shannonlockett/.npm/_logs/2026-04-01T19_25_27_926Z-eresolve-report.txt\nnpm error A complete log of this run can be found in: /Users/shannonlockett/.npm/_logs/2026-04-01T19_25_27_926Z-debug-0.log\n    at getFinalError (file:///Users/shannonlockett/.npm/_npx/30a997bc04dc9ab0/node_modules/storybook/dist/_node-chunks/chunk-NQBOIYE4.js:13109:10)\n    at makeError (file:///Users/shannonlockett/.npm/_npx/30a997bc04dc9ab0/node_modules/storybook/dist/_node-chunks/chunk-NQBOIYE4.js:14645:15)\n    at getAsyncResult (file:///Users/shannonlockett/.npm/_npx/30a997bc04dc9ab0/node_modules/storybook/dist/_node-chunks/chunk-NQBOIYE4.js:17291:158)\n    at handlePromise (file:///Users/shannonlockett/.npm/_npx/30a997bc04dc9ab0/node_modules/storybook/dist/_node-chunks/chunk-NQBOIYE4.js:17277:162)\n    at async Object.executeTaskWithSpinner (file:///Users/shannonlockett/.npm/_npx/30a997bc04dc9ab0/node_modules/storybook/dist/_node-chunks/chunk-AV2LSJTV.js:3683:11)\n    at async NPMProxy.installDependencies (file:///Users/shannonlockett/.npm/_npx/30a997bc04dc9ab0/node_modules/storybook/dist/_node-chunks/chunk-NQBOIYE4.js:11258:5)\n    at async DependencyInstallationCommand.execute (file:///Users/shannonlockett/.npm/_npx/30a997bc04dc9ab0/node_modules/create-storybook/dist/_node-chunks/chunk-NLJKUZRJ.js:2118:9)\n    at async doInitiate (file:///Users/shannonlockett/.npm/_npx/30a997bc04dc9ab0/node_modules/create-storybook/dist/_node-chunks/chunk-NLJKUZRJ.js:2894:38)\n    at async file:///Users/shannonlockett/.npm/_npx/30a997bc04dc9ab0/node_modules/create-storybook/dist/_node-chunks/chunk-NLJKUZRJ.js:2928:20\n    at async withTelemetry (file:///Users/shannonlockett/.npm/_npx/30a997bc04dc9ab0/node_modules/storybook/dist/_node-chunks/chunk-6PADJQ3N.js:218:12)"}
[03:25:34.004] [ERROR] Installation of dependencies failed!
[03:25:34.007] [INFO] Configuring @chromatic-com/storybook...
[03:25:34.008] [INFO] @chromatic-com/storybook configured

[03:25:34.008] [INFO] Configuring @storybook/addon-vitest...
[03:25:34.010] [DEBUG] Getting package.json info for /Users/shannonlockett/.local/share/opencode/worktree/db3e2f1bc0e9f80ccaf05b317a474ecc3da3dd56/playful-wolf/package.json...
[03:25:34.010] [DEBUG] Using cached package.json for /Users/shannonlockett/.local/share/opencode/worktree/db3e2f1bc0e9f80ccaf05b317a474ecc3da3dd56/playful-wolf/package.json...
[03:25:34.010] [DEBUG] Using cached installed version for vitest...
[03:25:34.010] [DEBUG] Vitest version specifier: 4.0.17
[03:25:34.149] [DEBUG] Using cached installed version for vitest...
[03:25:34.149] [DEBUG] Using cached installed version for msw...
[03:25:34.163] [INFO] Updating your Vite config file:
[03:25:34.163] [INFO]   /Users/shannonlockett/.local/share/opencode/worktree/db3e2f1bc0e9f80ccaf05b317a474ecc3da3dd56/playful-wolf/vite.config.ts
[03:25:34.282] [INFO] Setting up a11y addon for @storybook/addon-vitest
[03:25:34.282] [INFO] Setting up a11y addon for @storybook/addon-vitest
[03:25:34.282] [DEBUG] Executing command: npx storybook@10.3.3 automigrate addon-a11y-addon-test --loglevel silent --yes --skip-doctor --package-manager npm --skip-install
[03:26:05.067] [INFO] a11y addon setup successfully
[03:26:05.067] [INFO] a11y addon setup successfully
[03:26:05.068] [INFO] @storybook/addon-vitest setup completed successfully
[03:26:05.068] [INFO] @storybook/addon-vitest is now configured and you're ready to run your tests!
Here are a couple of tips to get you started:

• You can run tests with "npx vitest --project=storybook"
• Vitest IDE extension shows all stories as tests in your editor!

Check the documentation for more information about its features and options at:
https://storybook.js.org/docs/next/writing-tests/integrations/vitest-addon
[03:26:05.074] [INFO] @storybook/addon-vitest configured

[03:26:05.074] [INFO] Configuring @storybook/addon-a11y...
[03:26:05.074] [DEBUG] Executing command: npx storybook@10.3.3 automigrate addon-a11y-addon-test --loglevel silent --skip-doctor --yes --package-manager npm --config-dir .storybook
[03:26:11.870] [DEBUG] {
  "shortMessage": "Command failed with exit code 1: npx 'storybook@10.3.3' automigrate addon-a11y-addon-test --loglevel silent --skip-doctor --yes --package-manager npm --config-dir .storybook",
  "command": "npx storybook@10.3.3 automigrate addon-a11y-addon-test --loglevel silent --skip-doctor --yes --package-manager npm --config-dir .storybook",
  "escapedCommand": "npx 'storybook@10.3.3' automigrate addon-a11y-addon-test --loglevel silent --skip-doctor --yes --package-manager npm --config-dir .storybook",
  "cwd": "/Users/shannonlockett/.local/share/opencode/worktree/db3e2f1bc0e9f80ccaf05b317a474ecc3da3dd56/playful-wolf",
  "durationMs": 6794.76975,
  "failed": true,
  "timedOut": false,
  "isCanceled": false,
  "isGracefullyCanceled": false,
  "isTerminated": false,
  "isMaxBuffer": false,
  "isForcefullyTerminated": false,
  "exitCode": 1,
  "stdout": "",
  "stderr": "",
  "stdio": [
    null,
    "",
    ""
  ],
  "ipcOutput": [],
  "pipedFrom": []
}
[03:26:11.870] [INFO] Configuring @storybook/addon-docs...
[03:26:11.875] [INFO] @storybook/addon-docs configured

[03:26:11.875] [INFO] Configuring @storybook/addon-onboarding...
[03:26:11.876] [INFO] @storybook/addon-onboarding configured

[03:26:11.876] [INFO] Failed to configure addons
[03:26:11.876] [INFO] ✅ @chromatic-com/storybook
[03:26:11.877] [INFO] ✅ @storybook/addon-vitest
[03:26:11.877] [INFO] ❌ @storybook/addon-a11y
[03:26:11.877] [INFO] ✅ @storybook/addon-docs
[03:26:11.877] [INFO] ✅ @storybook/addon-onboarding
[03:26:11.878] [INFO] Installing Playwright browser binaries (press "c" to abort)
[03:26:11.878] [INFO] Installing Playwright browser binaries (press "c" to abort)
[03:26:11.878] [DEBUG] Executing command: npx playwright install chromium --with-deps
[03:26:13.597] [INFO] Playwright browser binaries installed successfully
[03:26:13.597] [INFO] Playwright browser binaries installed successfully
[03:26:14.343] [WARN] Storybook setup completed, but some non-blocking errors occurred. Please check the log file below for details.
[03:26:14.344] [INFO] To run Storybook manually, run npm run storybook. CTRL+C to stop.
[03:26:14.345] [INFO] Want to learn more about Storybook? https://storybook.js.org/
Having trouble or want to chat? https://discord.gg/storybook/